	Command being timed: "./compiled/io_uring_copy_dir small_files_tmp small_files_cp_io_uring"
	User time (seconds): 0.00
	System time (seconds): 0.81
	Percent of CPU this job got: 173%
	Elapsed (wall clock) time (h:mm:ss or m:ss): 0:00.47
	Average shared text size (kbytes): 0
	Average unshared data size (kbytes): 0
	Average stack size (kbytes): 0
	Average total size (kbytes): 0
	Maximum resident set size (kbytes): 165344
	Average resident set size (kbytes): 0
	Major (requiring I/O) page faults: 4
	Minor (reclaiming a frame) page faults: 48715
	Voluntary context switches: 665
	Involuntary context switches: 4
	Swaps: 0
	File system inputs: 2048704
	File system outputs: 1759848
	Socket messages sent: 0
	Socket messages received: 0
	Signals delivered: 0
	Page size (bytes): 4096
	Exit status: 0
